This is pdfTeX, Version 3.141592653-2.6-1.40.23 (TeX Live 2021) (preloaded format=pdflatex 2022.3.1)  23 MAR 2023 23:41
entering extended mode
 \write18 enabled.
 %&-line parsing enabled.
**namelists.tex
(./namelists.tex
LaTeX2e <2021-11-15> patch level 1
L3 programming layer <2022-02-24>
(/usr/local/texlive/2021/texmf-dist/tex/latex/base/article.cls
Document Class: article 2021/10/04 v1.4n Standard LaTeX document class
(/usr/local/texlive/2021/texmf-dist/tex/latex/base/size10.clo
File: size10.clo 2021/10/04 v1.4n Standard LaTeX file (size option)
)
\c@part=\count185
\c@section=\count186
\c@subsection=\count187
\c@subsubsection=\count188
\c@paragraph=\count189
\c@subparagraph=\count190
\c@figure=\count191
\c@table=\count192
\abovecaptionskip=\skip47
\belowcaptionskip=\skip48
\bibindent=\dimen138
)
(/usr/local/texlive/2021/texmf-dist/tex/latex/geometry/geometry.sty
Package: geometry 2020/01/02 v5.9 Page Geometry

(/usr/local/texlive/2021/texmf-dist/tex/latex/graphics/keyval.sty
Package: keyval 2014/10/28 v1.15 key=value parser (DPC)
\KV@toks@=\toks16
)
(/usr/local/texlive/2021/texmf-dist/tex/generic/iftex/ifvtex.sty
Package: ifvtex 2019/10/25 v1.7 ifvtex legacy package. Use iftex instead.

(/usr/local/texlive/2021/texmf-dist/tex/generic/iftex/iftex.sty
Package: iftex 2022/02/03 v1.0f TeX engine tests
))
\Gm@cnth=\count193
\Gm@cntv=\count194
\c@Gm@tempcnt=\count195
\Gm@bindingoffset=\dimen139
\Gm@wd@mp=\dimen140
\Gm@odd@mp=\dimen141
\Gm@even@mp=\dimen142
\Gm@layoutwidth=\dimen143
\Gm@layoutheight=\dimen144
\Gm@layouthoffset=\dimen145
\Gm@layoutvoffset=\dimen146
\Gm@dimlist=\toks17
)
(/usr/local/texlive/2021/texmf-dist/tex/latex/booktabs/booktabs.sty
Package: booktabs 2020/01/12 v1.61803398 Publication quality tables
\heavyrulewidth=\dimen147
\lightrulewidth=\dimen148
\cmidrulewidth=\dimen149
\belowrulesep=\dimen150
\belowbottomsep=\dimen151
\aboverulesep=\dimen152
\abovetopsep=\dimen153
\cmidrulesep=\dimen154
\cmidrulekern=\dimen155
\defaultaddspace=\dimen156
\@cmidla=\count196
\@cmidlb=\count197
\@aboverulesep=\dimen157
\@belowrulesep=\dimen158
\@thisruleclass=\count198
\@lastruleclass=\count199
\@thisrulewidth=\dimen159
)
(/usr/local/texlive/2021/texmf-dist/tex/latex/tools/longtable.sty
Package: longtable 2021-09-01 v4.17 Multi-page Table package (DPC)
\LTleft=\skip49
\LTright=\skip50
\LTpre=\skip51
\LTpost=\skip52
\LTchunksize=\count266
\LTcapwidth=\dimen160
\LT@head=\box50
\LT@firsthead=\box51
\LT@foot=\box52
\LT@lastfoot=\box53
\LT@gbox=\box54
\LT@cols=\count267
\LT@rows=\count268
\c@LT@tables=\count269
\c@LT@chunks=\count270
\LT@p@ftn=\toks18
)
(/usr/local/texlive/2021/texmf-dist/tex/latex/enumitem/enumitem.sty
Package: enumitem 2019/06/20 v3.9 Customized lists
\labelindent=\skip53
\enit@outerparindent=\dimen161
\enit@toks=\toks19
\enit@inbox=\box55
\enit@count@id=\count271
\enitdp@description=\count272
)
(/usr/local/texlive/2021/texmf-dist/tex/latex/l3backend/l3backend-pdftex.def
File: l3backend-pdftex.def 2022-02-07 L3 backend support: PDF output (pdfTeX)
\l__color_backend_stack_int=\count273
\l__pdf_internal_box=\box56
)
(./namelists.aux)
\openout1 = `namelists.aux'.

LaTeX Font Info:    Checking defaults for OML/cmm/m/it on input line 12.
LaTeX Font Info:    ... okay on input line 12.
LaTeX Font Info:    Checking defaults for OMS/cmsy/m/n on input line 12.
LaTeX Font Info:    ... okay on input line 12.
LaTeX Font Info:    Checking defaults for OT1/cmr/m/n on input line 12.
LaTeX Font Info:    ... okay on input line 12.
LaTeX Font Info:    Checking defaults for T1/cmr/m/n on input line 12.
LaTeX Font Info:    ... okay on input line 12.
LaTeX Font Info:    Checking defaults for TS1/cmr/m/n on input line 12.
LaTeX Font Info:    ... okay on input line 12.
LaTeX Font Info:    Checking defaults for OMX/cmex/m/n on input line 12.
LaTeX Font Info:    ... okay on input line 12.
LaTeX Font Info:    Checking defaults for U/cmr/m/n on input line 12.
LaTeX Font Info:    ... okay on input line 12.

*geometry* driver: auto-detecting
*geometry* detected driver: pdftex
*geometry* verbose mode - [ preamble ] result:
* driver: pdftex
* paper: a4paper
* layout: <same size as paper>
* layoutoffset:(h,v)=(0.0pt,0.0pt)
* modes: landscape 
* h-part:(L,W,R)=(50.58878pt, 743.8693pt, 50.58878pt)
* v-part:(T,H,B)=(50.58878pt, 496.33032pt, 50.58878pt)
* \paperwidth=845.04684pt
* \paperheight=597.50787pt
* \textwidth=743.8693pt
* \textheight=496.33032pt
* \oddsidemargin=-21.68121pt
* \evensidemargin=-21.68121pt
* \topmargin=-58.68121pt
* \headheight=12.0pt
* \headsep=25.0pt
* \topskip=10.0pt
* \footskip=30.0pt
* \marginparwidth=65.0pt
* \marginparsep=11.0pt
* \columnsep=10.0pt
* \skip\footins=9.0pt plus 4.0pt minus 2.0pt
* \hoffset=0.0pt
* \voffset=0.0pt
* \mag=1000
* \@twocolumnfalse
* \@twosidefalse
* \@mparswitchfalse
* \@reversemarginfalse
* (1in=72.27pt=25.4mm, 1cm=28.453pt)


Underfull \hbox (badness 10000) in paragraph at lines 46--46
[]\OT1/cmr/m/n/10 logical,
 []


Underfull \hbox (badness 10000) in paragraph at lines 46--46
\OT1/cmr/m/n/10 di-men-
 []


Underfull \hbox (badness 10000) in paragraph at lines 48--48
[]\OT1/cmr/m/n/10 logical,
 []


Underfull \hbox (badness 10000) in paragraph at lines 48--48
\OT1/cmr/m/n/10 di-men-
 []

LaTeX Font Info:    External font `cmex10' loaded for size
(Font)              <7> on input line 64.
LaTeX Font Info:    External font `cmex10' loaded for size
(Font)              <5> on input line 64.

Underfull \hbox (badness 10000) in paragraph at lines 68--68
\OT1/cmr/m/n/10 cos(theta))**exponent*(pole-sqrt(s)/pole) Only used if pi-o-nNu
-
 []


Underfull \hbox (badness 10000) in paragraph at lines 70--70
\OT1/cmr/m/n/10 cos(theta))**exponent*(pole-sqrt(s)/pole) Only used if pi-o-nNu
-
 []

[1

{/usr/local/texlive/2021/texmf-var/fonts/map/pdftex/updmap/pdftex.map}]
[2]
Underfull \hbox (badness 1112) in paragraph at lines 134--134
[]\OT1/cmr/m/n/10 real, di-men-
 []


Overfull \hbox (34.80585pt too wide) in paragraph at lines 134--134
\OT1/cmr/m/n/10 sion(Delta:F37[]1950) 
 []


Underfull \hbox (badness 10000) in paragraph at lines 134--134
[]\OT1/cmr/m/n/10 Squared ma-trix el-e-ments M**2/16pi for N N $\OMS/cmsy/m/n/1
0 !$ \OT1/cmr/m/n/10 N R. See
 []


Underfull \hbox (badness 1112) in paragraph at lines 136--136
[]\OT1/cmr/m/n/10 real, di-men-
 []


Overfull \hbox (34.80585pt too wide) in paragraph at lines 136--136
\OT1/cmr/m/n/10 sion(Delta:F37[]1950) 
 []


Underfull \hbox (badness 10000) in paragraph at lines 136--136
[]\OT1/cmr/m/n/10 Squared ma-trix el-e-ments M**2/16pi for N N $\OMS/cmsy/m/n/1
0 !$ \OT1/cmr/m/n/10 Delta R. See
 []

[3]
Underfull \hbox (badness 10000) in paragraph at lines 234--234
[]\OT1/cmr/m/n/10 number of it-er-a-tions, if den-sity is read-justed (cf.
 []

[4] [5] [6] [7]
Underfull \hbox (badness 10000) in paragraph at lines 320--320
[]\OT1/cmr/m/n/10 Enable the pro-duc-tion of BB $\OMS/cmsy/m/n/10 !$ \OT1/cmr/m
/n/10 B Hy-peron Kaon chan-nels.
 []


Underfull \hbox (badness 10000) in paragraph at lines 320--320
\OT1/cmr/m/n/10 B=Nucleon^0,1,Delta^-,0.+,++; Hyperon=Lambda^0,Sigma^0,-,+;
 []


Underfull \hbox (badness 1112) in paragraph at lines 324--324
[]\OT1/cmr/m/n/10 real, di-men-
 []

[8]
Underfull \hbox (badness 1112) in paragraph at lines 350--350
[]\OT1/cmr/m/n/10 real, di-men-
 []


Underfull \hbox (badness 1112) in paragraph at lines 352--352
[]\OT1/cmr/m/n/10 real, di-men-
 []

[9] [10] [11] [12] [13]
Underfull \hbox (badness 3291) in paragraph at lines 622--622
\OT1/cmr/m/n/10 <pre> (At-Width) = 1.0 ... (At+Width) = 0.0 with At = min-
 []

[14] [15]
Underfull \hbox (badness 1546) in paragraph at lines 744--744
[]\OT1/cmr/m/n/10 5 = Wan/Iachello, Int. J. Mod. Phys. A 20 (2005) 1846,
 []


Underfull \hbox (badness 10000) in paragraph at lines 744--744
[]\OT1/cmr/m/n/10 6 = Ra-malho/Pena, Phys.Rev. D85 (2012) 113014,
 []


Overfull \hbox (31.76135pt too wide) in paragraph at lines 770--770
[]\OT1/cmr/m/n/10 character(len=1000) 
 []


Underfull \hbox (badness 1112) in paragraph at lines 778--778
[]\OT1/cmr/m/n/10 real, di-men-
 []


Underfull \hbox (badness 10000) in paragraph at lines 778--778
[]\OT1/cmr/m/n/10 (/ 0.150,
 []

[16] [17] [18]
Underfull \hbox (badness 10000) in paragraph at lines 798--798
[]\OT1/cmr/m/n/10 integer,
 []


Underfull \hbox (badness 10000) in paragraph at lines 800--800
[]\OT1/cmr/m/n/10 logical,
 []


Overfull \hbox (13.20578pt too wide) in paragraph at lines 800--800
[]\OT1/cmr/m/n/10 (/.false.,.false./) 
 []


Underfull \hbox (badness 10000) in paragraph at lines 802--802
[]\OT1/cmr/m/n/10 integer,
 []

[19] [20]
Overfull \hbox (8.42796pt too wide) in paragraph at lines 896--896
[]\OT1/cmr/m/n/10 character*1000 
 []

[21] [22]
Underfull \hbox (badness 1178) in paragraph at lines 1020--1020
[]\OT1/cmr/m/n/10 smaller 0: Im-pact pa-ram-e-ter will be cho-sen ran-domly in 
the in-ter-val
 []


Underfull \hbox (badness 1635) in paragraph at lines 1026--1026
[]\OT1/cmr/m/n/10 number of sub-se-quent runs per im-pact pa-ram-e-ter (rel-e-v
ant if bRaise-
 []

[23] [24] [25] [26]
Underfull \hbox (badness 1112) in paragraph at lines 1180--1180
[]\OT1/cmr/m/n/10 real, di-men-
 []


Underfull \hbox (badness 10000) in paragraph at lines 1180--1180
[]\OT1/cmr/m/n/10 (/ -0.75,
 []


Underfull \hbox (badness 2150) in paragraph at lines 1180--1180
\OT1/cmr/m/n/10 -0.45, -0.15,
 []


Underfull \hbox (badness 10000) in paragraph at lines 1180--1180
\OT1/cmr/m/n/10 0.15, 0.45,
 []


Underfull \hbox (badness 10000) in paragraph at lines 1180--1180
\OT1/cmr/m/n/10 0.75, 1.05,
 []

[27]
Underfull \hbox (badness 10000) in paragraph at lines 1218--1218
[]\OT1/cmr/m/n/10 logical,
 []


Underfull \hbox (badness 10000) in paragraph at lines 1220--1220
[]\OT1/cmr/m/n/10 logical,
 []


Underfull \hbox (badness 10000) in paragraph at lines 1220--1220
\OT1/cmr/m/n/10 di-men-
 []


Overfull \hbox (6.56686pt too wide) in paragraph at lines 1220--1220
\OT1/cmr/m/n/10 sion(2:nres+1) 
 []

[28] [29] [30] [31] [32] [33] [34]
Overfull \hbox (11.20575pt too wide) in paragraph at lines 1492--1492
[]\OT1/cmr/m/n/10 character(1000) 
 []


Underfull \hbox (badness 10000) in paragraph at lines 1492--1492
[]\OT1/cmr/m/n/10 if given, but does not con-tain '/': de-fault is
 []


Underfull \hbox (badness 1112) in paragraph at lines 1516--1516
[]\OT1/cmr/m/n/10 real, di-men-
 []


Overfull \hbox (4.76135pt too wide) in paragraph at lines 1516--1516
[]\OT1/cmr/m/n/10 (/12.,12.,12./) 
 []


Underfull \hbox (badness 10000) in paragraph at lines 1518--1518
[]\OT1/cmr/m/n/10 integer, di-
 []

[35] [36]
Underfull \hbox (badness 10000) in paragraph at lines 1594--1594
[]\OT1/cmr/m/n/10 If set to .true., the Fermi mo-men-tum will de-ter-mined by
 []

[37] [38]
Overfull \hbox (11.20575pt too wide) in paragraph at lines 1690--1690
[]\OT1/cmr/m/n/10 character(1000) 
 []


Overfull \hbox (9.76137pt too wide) in paragraph at lines 1690--1690
[]\OT1/cmr/m/n/10 '../../buuinput' 
 []

[39] [40] [41] [42]
Underfull \hbox (badness 1112) in paragraph at lines 1838--1838
[]\OT1/cmr/m/n/10 real, di-men-
 []


Underfull \hbox (badness 10000) in paragraph at lines 1838--1838
[]\OT1/cmr/m/n/10 (/1.0, 1.0,
 []


Underfull \hbox (badness 1112) in paragraph at lines 1840--1840
[]\OT1/cmr/m/n/10 real, di-men-
 []


Underfull \hbox (badness 10000) in paragraph at lines 1840--1840
[]\OT1/cmr/m/n/10 (/1.0, 1.0,
 []


Underfull \hbox (badness 1112) in paragraph at lines 1842--1842
[]\OT1/cmr/m/n/10 real, di-men-
 []


Underfull \hbox (badness 10000) in paragraph at lines 1842--1842
[]\OT1/cmr/m/n/10 (/1.0, 1.0,
 []


Underfull \hbox (badness 1112) in paragraph at lines 1844--1844
[]\OT1/cmr/m/n/10 real, di-men-
 []


Underfull \hbox (badness 10000) in paragraph at lines 1844--1844
[]\OT1/cmr/m/n/10 (/1.0, 1.0,
 []


Underfull \hbox (badness 1112) in paragraph at lines 1846--1846
[]\OT1/cmr/m/n/10 real, di-men-
 []


Underfull \hbox (badness 10000) in paragraph at lines 1846--1846
[]\OT1/cmr/m/n/10 (/1.0, 1.0,
 []


Underfull \hbox (badness 1112) in paragraph at lines 1848--1848
[]\OT1/cmr/m/n/10 real, di-men-
 []


Underfull \hbox (badness 10000) in paragraph at lines 1848--1848
[]\OT1/cmr/m/n/10 (/0.0, 0.0,
 []


Underfull \hbox (badness 1112) in paragraph at lines 1850--1850
[]\OT1/cmr/m/n/10 real, di-men-
 []


Underfull \hbox (badness 10000) in paragraph at lines 1850--1850
[]\OT1/cmr/m/n/10 (/0.,1.0,
 []

[43] [44] [45] [46]
Underfull \hbox (badness 1112) in paragraph at lines 2016--2016
[]\OT1/cmr/m/n/10 real, di-men-
 []

[47]
Underfull \hbox (badness 1112) in paragraph at lines 2110--2110
[]\OT1/cmr/m/n/10 real, di-men-
 []

[48] [49] [50] [51] [52]
Underfull \hbox (badness 10000) in paragraph at lines 2260--2260
[]\OT1/cmr/m/n/10 real,
 []


Overfull \hbox (51.81697pt too wide) in paragraph at lines 2260--2260
\OT1/cmr/m/n/10 dimension(1:pion+nMes-
 []


Underfull \hbox (badness 10000) in paragraph at lines 2262--2262
[]\OT1/cmr/m/n/10 real,
 []


Overfull \hbox (51.81697pt too wide) in paragraph at lines 2262--2262
\OT1/cmr/m/n/10 dimension(1:pion+nMes-
 []


Underfull \hbox (badness 10000) in paragraph at lines 2264--2264
[]\OT1/cmr/m/n/10 integer,
 []


Overfull \hbox (51.81697pt too wide) in paragraph at lines 2264--2264
\OT1/cmr/m/n/10 dimension(1:pion+nMes-
 []


Overfull \hbox (11.20575pt too wide) in paragraph at lines 2310--2310
[]\OT1/cmr/m/n/10 character(1000) 
 []


Underfull \hbox (badness 10000) in paragraph at lines 2310--2310
[]\OT1/cmr/m/n/10 if given, but does not con-tain '/': de-fault is
 []


Underfull \hbox (badness 4686) in paragraph at lines 2314--2314
\OT1/cmr/m/n/10 If equal-WeightsMode==2, then the per-weights are given by equa
l-
 []

[53] [54] [55] [56]
Underfull \hbox (badness 1472) in paragraph at lines 2370--2370
[]\OT1/cmr/m/n/10 kineticEnergyDetectionThreshold only lep-ton ki-netic en-er-g
ies above this
 []


Underfull \hbox (badness 10000) in paragraph at lines 2390--2390
\OT1/cmr/m/n/10 see files neu-trino[]0pions.dat, neu-trino[]0pions[]QE.dat, neu
-
 []


Overfull \hbox (31.76135pt too wide) in paragraph at lines 2406--2406
[]\OT1/cmr/m/n/10 character(len=1000) 
 []

[57] [58] [59]
Underfull \hbox (badness 2671) in paragraph at lines 2634--2634
\OT1/cmr/m/n/10 minimum and max-i-mum en-er-gies for the uni-form neu-trino flu
x (nu-
 []


Underfull \hbox (badness 2671) in paragraph at lines 2636--2636
\OT1/cmr/m/n/10 minimum and max-i-mum en-er-gies for the uni-form neu-trino flu
x (nu-
 []

[60] [61] [62] [63] [64] [65] [66]
Underfull \hbox (badness 4505) in paragraph at lines 2964--2964
[]\OT1/cmr/m/n/10 3 : 6$\OMS/cmsy/m/n/10 !$\OT1/cmr/m/n/10 C(12), 8$\OMS/cmsy/m
/n/10 !$\OT1/cmr/m/n/10 O(16),O(18), 13$\OMS/cmsy/m/n/10 !$\OT1/cmr/m/n/10 Al(2
7), 20$\OMS/cmsy/m/n/10 !$\OT1/cmr/m/n/10 Ca(40),Ca(44),
 []

[67] [68]
Underfull \hbox (badness 10000) in paragraph at lines 3034--3034
[]\OT1/cmr/m/n/10 integer,
 []


Underfull \hbox (badness 10000) in paragraph at lines 3034--3034
\OT1/cmr/m/n/10 di-men-
 []


Underfull \hbox (badness 10000) in paragraph at lines 3036--3036
[]\OT1/cmr/m/n/10 integer,
 []


Underfull \hbox (badness 10000) in paragraph at lines 3036--3036
\OT1/cmr/m/n/10 di-men-
 []


Underfull \hbox (badness 10000) in paragraph at lines 3038--3038
[]\OT1/cmr/m/n/10 integer,
 []


Underfull \hbox (badness 10000) in paragraph at lines 3038--3038
\OT1/cmr/m/n/10 di-men-
 []


Underfull \hbox (badness 10000) in paragraph at lines 3040--3040
[]\OT1/cmr/m/n/10 integer,
 []


Underfull \hbox (badness 10000) in paragraph at lines 3040--3040
\OT1/cmr/m/n/10 di-men-
 []


Underfull \hbox (badness 1112) in paragraph at lines 3042--3042
[]\OT1/cmr/m/n/10 real, di-men-
 []


Underfull \hbox (badness 1112) in paragraph at lines 3044--3044
[]\OT1/cmr/m/n/10 real, di-men-
 []


Underfull \hbox (badness 1112) in paragraph at lines 3046--3046
[]\OT1/cmr/m/n/10 real, di-men-
 []


Underfull \hbox (badness 1112) in paragraph at lines 3048--3048
[]\OT1/cmr/m/n/10 real, di-men-
 []


Underfull \hbox (badness 1112) in paragraph at lines 3050--3050
[]\OT1/cmr/m/n/10 real, di-men-
 []


Underfull \hbox (badness 1112) in paragraph at lines 3052--3052
[]\OT1/cmr/m/n/10 real, di-men-
 []


Underfull \hbox (badness 10000) in paragraph at lines 3054--3054
[]\OT1/cmr/m/n/10 integer,
 []


Underfull \hbox (badness 10000) in paragraph at lines 3054--3054
\OT1/cmr/m/n/10 di-men-
 []


Underfull \hbox (badness 10000) in paragraph at lines 3054--3054
\OT1/cmr/m/n/10 sion(500,
 []

[69]
Underfull \hbox (badness 10000) in paragraph at lines 3072--3072
[]\OT1/cmr/m/n/10 select the mode, how the residue en-ergy is de-ter-mined (fie
ld
 []

[70] [71]
Underfull \hbox (badness 5667) in paragraph at lines 3222--3222
[]\OT1/cmr/m/n/10 which[]nuclwidth=2 - use width in-creas-ing lin-ear with den-
sity;
 []

[72]
Underfull \hbox (badness 4505) in paragraph at lines 3272--3272
[]\OT1/cmr/m/n/10 3 : 6$\OMS/cmsy/m/n/10 !$\OT1/cmr/m/n/10 C(12), 8$\OMS/cmsy/m
/n/10 !$\OT1/cmr/m/n/10 O(16),O(18), 13$\OMS/cmsy/m/n/10 !$\OT1/cmr/m/n/10 Al(2
7), 20$\OMS/cmsy/m/n/10 !$\OT1/cmr/m/n/10 Ca(40),Ca(44),
 []

[73]
Underfull \hbox (badness 1112) in paragraph at lines 3298--3298
[]\OT1/cmr/m/n/10 real, di-men-
 []


Underfull \hbox (badness 1112) in paragraph at lines 3300--3300
[]\OT1/cmr/m/n/10 real, di-men-
 []

[74] [75] [76] [77] [78] (./namelists.aux) ) 
Here is how much of TeX's memory you used:
 1661 strings out of 478276
 26912 string characters out of 5846505
 376173 words of memory out of 5000000
 19920 multiletter control sequences out of 15000+600000
 470508 words of font info for 32 fonts, out of 8000000 for 9000
 1141 hyphenation exceptions out of 8191
 55i,6n,62p,1696b,310s stack positions out of 5000i,500n,10000p,200000b,80000s
{/usr/local/texlive/2021/texmf-dist
/fonts/enc/dvips/cm-super/cm-super-ts1.enc}</usr/local/texlive/2021/texmf-dist/
fonts/type1/public/amsfonts/cm/cmbx12.pfb></usr/local/texlive/2021/texmf-dist/f
onts/type1/public/amsfonts/cm/cmmi10.pfb></usr/local/texlive/2021/texmf-dist/fo
nts/type1/public/amsfonts/cm/cmr10.pfb></usr/local/texlive/2021/texmf-dist/font
s/type1/public/amsfonts/cm/cmr8.pfb></usr/local/texlive/2021/texmf-dist/fonts/t
ype1/public/amsfonts/cm/cmsy10.pfb></usr/local/texlive/2021/texmf-dist/fonts/ty
pe1/public/cm-super/sfrm1000.pfb>
Output written on namelists.pdf (78 pages, 254081 bytes).
PDF statistics:
 287 PDF objects out of 1000 (max. 8388607)
 193 compressed objects within 2 object streams
 0 named destinations out of 1000 (max. 500000)
 1 words of extra memory for PDF output out of 10000 (max. 10000000)

